2026-06-08 10:29:11 [background-preinit] INFO  o.h.validator.internal.util.Version - HV000001: Hibernate Validator 9.0.1.Final
2026-06-08 10:29:11 [restartedMain] INFO  c.e.D.DocgenBackendApplication - Starting DocgenBackendApplication using Java 21.0.9 with PID 20340 (E:\DocGen New Front V2\Docgen-Backend\target\classes started by prath in E:\DocGen New Front V2\Docgen-Backend)
2026-06-08 10:29:11 [restartedMain] DEBUG c.e.D.DocgenBackendApplication - Running with Spring Boot v4.0.6, Spring v7.0.7
2026-06-08 10:29:11 [restartedMain] INFO  c.e.D.DocgenBackendApplication - No active profile set, falling back to 1 default profile: "default"
2026-06-08 10:29:11 [restartedMain] INFO  o.s.b.d.e.DevToolsPropertyDefaultsPostProcessor - Devtools property defaults active! Set 'spring.devtools.add-properties' to 'false' to disable
2026-06-08 10:29:11 [restartedMain] INFO  o.s.b.d.e.DevToolsPropertyDefaultsPostProcessor - For additional web related logging consider setting the 'logging.level.web' property to 'DEBUG'
2026-06-08 10:29:12 [restartedMain] INFO  o.s.d.r.c.RepositoryConfigurationDelegate - Bootstrapping Spring Data JPA repositories in DEFAULT mode.
2026-06-08 10:29:12 [restartedMain] INFO  o.s.d.r.c.RepositoryConfigurationDelegate - Finished Spring Data repository scanning in 76 ms. Found 2 JPA repository interfaces.
2026-06-08 10:29:13 [restartedMain] INFO  o.s.boot.tomcat.TomcatWebServer - Tomcat initialized with port 8080 (http)
2026-06-08 10:29:13 [restartedMain] INFO  o.a.coyote.http11.Http11NioProtocol - Initializing ProtocolHandler ["http-nio-8080"]
2026-06-08 10:29:13 [restartedMain] INFO  o.a.catalina.core.StandardService - Starting service [Tomcat]
2026-06-08 10:29:13 [restartedMain] INFO  o.a.catalina.core.StandardEngine - Starting Servlet engine: [Apache Tomcat/11.0.21]
2026-06-08 10:29:13 [restartedMain] INFO  o.s.b.w.c.s.WebApplicationContextInitializer - Root WebApplicationContext: initialization completed in 2073 ms
2026-06-08 10:29:13 [restartedMain] DEBUG c.e.Docgen_Backend.config.JwtFilter - Filter 'jwtFilter' configured for use
2026-06-08 10:29:13 [restartedMain] INFO  org.hibernate.orm.jpa - HHH008540: Processing PersistenceUnitInfo [name: default]
2026-06-08 10:29:14 [restartedMain] INFO  org.hibernate.orm.core - HHH000001: Hibernate ORM core version 7.2.12.Final
2026-06-08 10:29:14 [restartedMain] INFO  o.s.o.j.p.SpringPersistenceUnitInfo - No LoadTimeWeaver setup: ignoring JPA class transformer
2026-06-08 10:29:14 [restartedMain] INFO  com.zaxxer.hikari.HikariDataSource - HikariPool-1 - Starting...
2026-06-08 10:29:15 [restartedMain] INFO  com.zaxxer.hikari.pool.HikariPool - HikariPool-1 - Added connection com.mysql.cj.jdbc.ConnectionImpl@2735a37e
2026-06-08 10:29:15 [restartedMain] INFO  com.zaxxer.hikari.HikariDataSource - HikariPool-1 - Start completed.
2026-06-08 10:29:15 [restartedMain] WARN  org.hibernate.orm.deprecation - HHH90000025: MySQLDialect does not need to be specified explicitly using 'hibernate.dialect' (remove the property setting and it will be selected by default)
2026-06-08 10:29:15 [restartedMain] INFO  o.hibernate.orm.connections.pooling - HHH10001005: Database info:
	Database JDBC URL [jdbc:mysql://localhost:3306/docgen_db]
	Database driver: MySQL Connector/J
	Database dialect: MySQLDialect
	Database version: 8.0.45
	Default catalog/schema: docgen_db/undefined
	Autocommit mode: undefined/unknown
	Isolation level: REPEATABLE_READ [default REPEATABLE_READ]
	JDBC fetch size: none
	Pool: DataSourceConnectionProvider
	Minimum pool size: undefined/unknown
	Maximum pool size: undefined/unknown
2026-06-08 10:29:17 [restartedMain] INFO  org.hibernate.orm.core - HHH000489: No JTA platform available (set 'hibernate.transaction.jta.platform' to enable JTA platform integration)
2026-06-08 10:29:17 [restartedMain] INFO  o.s.o.j.LocalContainerEntityManagerFactoryBean - Initialized JPA EntityManagerFactory for persistence unit 'default'
2026-06-08 10:29:17 [restartedMain] INFO  o.s.d.j.r.q.QueryEnhancerFactories - Hibernate is in classpath; If applicable, HQL parser will be used.
2026-06-08 10:29:18 [restartedMain] INFO  o.s.s.c.a.a.c.InitializeUserDetailsBeanManagerConfigurer$InitializeUserDetailsManagerConfigurer - Global AuthenticationManager configured with UserDetailsService bean with name customUserDetailsService
2026-06-08 10:29:18 [restartedMain] WARN  o.s.b.j.a.JpaBaseConfiguration$JpaWebConfiguration - spring.jpa.open-in-view is enabled by default. Therefore, database queries may be performed during view rendering. Explicitly configure spring.jpa.open-in-view to disable this warning
2026-06-08 10:29:18 [restartedMain] INFO  o.a.coyote.http11.Http11NioProtocol - Starting ProtocolHandler ["http-nio-8080"]
2026-06-08 10:29:18 [restartedMain] INFO  o.s.boot.tomcat.TomcatWebServer - Tomcat started on port 8080 (http) with context path '/'
2026-06-08 10:29:18 [restartedMain] INFO  c.e.D.DocgenBackendApplication - Started DocgenBackendApplication in 8.287 seconds (process running for 9.343)
2026-06-08 10:29:43 [http-nio-8080-exec-3] INFO  o.a.c.c.C.[Tomcat].[localhost].[/] - Initializing Spring DispatcherServlet 'dispatcherServlet'
2026-06-08 10:29:43 [http-nio-8080-exec-3] INFO  o.s.web.servlet.DispatcherServlet - Initializing Servlet 'dispatcherServlet'
2026-06-08 10:29:43 [http-nio-8080-exec-3] INFO  o.s.web.servlet.DispatcherServlet - Completed initialization in 2 ms
2026-06-08 10:29:44 [http-nio-8080-exec-2] WARN  c.e.Docgen_Backend.config.JwtFilter - Invalid JWT token
2026-06-08 10:29:44 [http-nio-8080-exec-4] WARN  c.e.Docgen_Backend.config.JwtFilter - Invalid JWT token
2026-06-08 10:29:49 [http-nio-8080-exec-7] WARN  c.e.Docgen_Backend.config.JwtFilter - Invalid JWT token
2026-06-08 10:29:49 [http-nio-8080-exec-8] WARN  c.e.Docgen_Backend.config.JwtFilter - Invalid JWT token
2026-06-08 10:30:27 [http-nio-8080-exec-3] INFO  c.e.Docgen_Backend.config.JwtFilter - JWT validated successfully for userId=null
2026-06-08 10:30:27 [http-nio-8080-exec-3] INFO  c.e.D.controller.UserController - GET /api/v2/users - Fetch all users request received | page=0, size=8, sortBy=id, direction=desc
2026-06-08 10:30:27 [http-nio-8080-exec-3] INFO  c.e.D.controller.UserController - Fetched 1 users on page 0 of 1
2026-06-08 10:30:28 [http-nio-8080-exec-1] INFO  c.e.Docgen_Backend.config.JwtFilter - JWT validated successfully for userId=null
2026-06-08 10:30:28 [http-nio-8080-exec-1] INFO  c.e.D.controller.UserController - GET /api/v2/users - Fetch all users request received | page=0, size=8, sortBy=id, direction=desc
2026-06-08 10:30:28 [http-nio-8080-exec-1] INFO  c.e.D.controller.UserController - Fetched 1 users on page 0 of 1
2026-06-08 10:30:29 [http-nio-8080-exec-5] INFO  c.e.Docgen_Backend.config.JwtFilter - JWT validated successfully for userId=null
2026-06-08 10:30:29 [http-nio-8080-exec-5] INFO  c.e.D.controller.UserController - GET /api/v2/users/1 - Fetch request received
2026-06-08 10:30:29 [http-nio-8080-exec-5] INFO  c.e.D.service.impl.UserServiceImpl - Fetching user profile for edit | userId=1
2026-06-08 10:30:29 [http-nio-8080-exec-5] DEBUG c.e.D.service.impl.UserServiceImpl - User found | userId=1 | employeeId=JDIT0104
2026-06-08 10:30:29 [http-nio-8080-exec-5] INFO  c.e.D.service.impl.UserServiceImpl - User profile fetched successfully | userId=1 | timeTaken=65ms
2026-06-08 10:30:29 [http-nio-8080-exec-5] INFO  c.e.D.controller.UserController - Profile fetched successfully for userId=1
2026-06-08 10:30:29 [http-nio-8080-exec-5] DEBUG c.e.D.controller.UserController - Fetched profile data: UserProfileResponseDTO(id=1, employeeName=Prathamesh Bhavsar, employeeId=JDIT0104, email=prathamesh69bhavsar@gmail.com, mobileNo=8007454299, designation=Senior Java developer, department=Information Technology, company=SMT, identity=MR, pfType=WITH_PF, accountNo=2134567890, bankName=HDFC Bank, address=N-42,VD-1/3/1,Sawta Nager,Cidco,Trimurti Chowk, CTC=15000.0, dateOfBirth=2026-06-06, offerDate=2026-06-06, joiningDate=2026-06-06, panNo=DTBPG9845J, documents={APPOINTMENT_LETTER=DocumentResponseDTO(generated=false, data=null), INTERNSHIP_LETTER=DocumentResponseDTO(generated=true, data={internshipType=PAID, endDate=2026-06-06, issueDate=2026-06-06, startDate=2026-06-06}), EXPERIENCE_LETTER=DocumentResponseDTO(generated=false, data=null), FULL_AND_FINAL=DocumentResponseDTO(generated=false, data=null), CONFIRMATION_LETTER=DocumentResponseDTO(generated=false, data=null), INCREMENT_LETTER=DocumentResponseDTO(generated=false, data=null), RELIEVING_LETTER=DocumentResponseDTO(generated=false, data=null), SALARY_SLIP=DocumentResponseDTO(generated=true, data={startMonth=2026-04, endMonth=2026-06}), COMPLETION_LETTER=DocumentResponseDTO(generated=false, data=null), OFFER_LETTER=DocumentResponseDTO(generated=true, data={issueDate=2026-06-06, probationPeriod=3})})
2026-06-08 10:30:29 [http-nio-8080-exec-5] INFO  c.e.Docgen_Backend.config.JwtFilter - JWT validated successfully for userId=null
2026-06-08 10:30:29 [http-nio-8080-exec-5] INFO  c.e.D.controller.UserController - GET /api/v2/users/1 - Fetch request received
2026-06-08 10:30:29 [http-nio-8080-exec-5] INFO  c.e.D.service.impl.UserServiceImpl - Fetching user profile for edit | userId=1
2026-06-08 10:30:29 [http-nio-8080-exec-5] DEBUG c.e.D.service.impl.UserServiceImpl - User found | userId=1 | employeeId=JDIT0104
2026-06-08 10:30:29 [http-nio-8080-exec-5] INFO  c.e.D.service.impl.UserServiceImpl - User profile fetched successfully | userId=1 | timeTaken=50ms
2026-06-08 10:30:29 [http-nio-8080-exec-5] INFO  c.e.D.controller.UserController - Profile fetched successfully for userId=1
2026-06-08 10:30:29 [http-nio-8080-exec-5] DEBUG c.e.D.controller.UserController - Fetched profile data: UserProfileResponseDTO(id=1, employeeName=Prathamesh Bhavsar, employeeId=JDIT0104, email=prathamesh69bhavsar@gmail.com, mobileNo=8007454299, designation=Senior Java developer, department=Information Technology, company=SMT, identity=MR, pfType=WITH_PF, accountNo=2134567890, bankName=HDFC Bank, address=N-42,VD-1/3/1,Sawta Nager,Cidco,Trimurti Chowk, CTC=15000.0, dateOfBirth=2026-06-06, offerDate=2026-06-06, joiningDate=2026-06-06, panNo=DTBPG9845J, documents={APPOINTMENT_LETTER=DocumentResponseDTO(generated=false, data=null), INTERNSHIP_LETTER=DocumentResponseDTO(generated=true, data={internshipType=PAID, endDate=2026-06-06, issueDate=2026-06-06, startDate=2026-06-06}), EXPERIENCE_LETTER=DocumentResponseDTO(generated=false, data=null), FULL_AND_FINAL=DocumentResponseDTO(generated=false, data=null), CONFIRMATION_LETTER=DocumentResponseDTO(generated=false, data=null), INCREMENT_LETTER=DocumentResponseDTO(generated=false, data=null), RELIEVING_LETTER=DocumentResponseDTO(generated=false, data=null), SALARY_SLIP=DocumentResponseDTO(generated=true, data={startMonth=2026-04, endMonth=2026-06}), COMPLETION_LETTER=DocumentResponseDTO(generated=false, data=null), OFFER_LETTER=DocumentResponseDTO(generated=true, data={issueDate=2026-06-06, probationPeriod=3})})
2026-06-08 10:30:42 [http-nio-8080-exec-10] INFO  c.e.Docgen_Backend.config.JwtFilter - JWT validated successfully for userId=null
2026-06-08 10:30:42 [http-nio-8080-exec-10] INFO  c.e.D.controller.UserController - GET /api/v2/users/1 - Fetch request received
2026-06-08 10:30:42 [http-nio-8080-exec-10] INFO  c.e.D.service.impl.UserServiceImpl - Fetching user profile for edit | userId=1
2026-06-08 10:30:42 [http-nio-8080-exec-10] DEBUG c.e.D.service.impl.UserServiceImpl - User found | userId=1 | employeeId=JDIT0104
2026-06-08 10:30:42 [http-nio-8080-exec-10] INFO  c.e.D.service.impl.UserServiceImpl - User profile fetched successfully | userId=1 | timeTaken=60ms
2026-06-08 10:30:42 [http-nio-8080-exec-10] INFO  c.e.D.controller.UserController - Profile fetched successfully for userId=1
2026-06-08 10:30:42 [http-nio-8080-exec-10] DEBUG c.e.D.controller.UserController - Fetched profile data: UserProfileResponseDTO(id=1, employeeName=Prathamesh Bhavsar, employeeId=JDIT0104, email=prathamesh69bhavsar@gmail.com, mobileNo=8007454299, designation=Senior Java developer, department=Information Technology, company=SMT, identity=MR, pfType=WITH_PF, accountNo=2134567890, bankName=HDFC Bank, address=N-42,VD-1/3/1,Sawta Nager,Cidco,Trimurti Chowk, CTC=15000.0, dateOfBirth=2026-06-06, offerDate=2026-06-06, joiningDate=2026-06-06, panNo=DTBPG9845J, documents={APPOINTMENT_LETTER=DocumentResponseDTO(generated=false, data=null), INTERNSHIP_LETTER=DocumentResponseDTO(generated=true, data={internshipType=PAID, endDate=2026-06-06, issueDate=2026-06-06, startDate=2026-06-06}), EXPERIENCE_LETTER=DocumentResponseDTO(generated=false, data=null), FULL_AND_FINAL=DocumentResponseDTO(generated=false, data=null), CONFIRMATION_LETTER=DocumentResponseDTO(generated=false, data=null), INCREMENT_LETTER=DocumentResponseDTO(generated=false, data=null), RELIEVING_LETTER=DocumentResponseDTO(generated=false, data=null), SALARY_SLIP=DocumentResponseDTO(generated=true, data={startMonth=2026-04, endMonth=2026-06}), COMPLETION_LETTER=DocumentResponseDTO(generated=false, data=null), OFFER_LETTER=DocumentResponseDTO(generated=true, data={issueDate=2026-06-06, probationPeriod=3})})
2026-06-08 10:30:42 [http-nio-8080-exec-9] INFO  c.e.Docgen_Backend.config.JwtFilter - JWT validated successfully for userId=null
2026-06-08 10:30:42 [http-nio-8080-exec-9] INFO  c.e.D.controller.UserController - GET /api/v2/users/1 - Fetch request received
2026-06-08 10:30:42 [http-nio-8080-exec-9] INFO  c.e.D.service.impl.UserServiceImpl - Fetching user profile for edit | userId=1
2026-06-08 10:30:42 [http-nio-8080-exec-9] DEBUG c.e.D.service.impl.UserServiceImpl - User found | userId=1 | employeeId=JDIT0104
2026-06-08 10:30:42 [http-nio-8080-exec-9] INFO  c.e.D.service.impl.UserServiceImpl - User profile fetched successfully | userId=1 | timeTaken=40ms
2026-06-08 10:30:42 [http-nio-8080-exec-9] INFO  c.e.D.controller.UserController - Profile fetched successfully for userId=1
2026-06-08 10:30:42 [http-nio-8080-exec-9] DEBUG c.e.D.controller.UserController - Fetched profile data: UserProfileResponseDTO(id=1, employeeName=Prathamesh Bhavsar, employeeId=JDIT0104, email=prathamesh69bhavsar@gmail.com, mobileNo=8007454299, designation=Senior Java developer, department=Information Technology, company=SMT, identity=MR, pfType=WITH_PF, accountNo=2134567890, bankName=HDFC Bank, address=N-42,VD-1/3/1,Sawta Nager,Cidco,Trimurti Chowk, CTC=15000.0, dateOfBirth=2026-06-06, offerDate=2026-06-06, joiningDate=2026-06-06, panNo=DTBPG9845J, documents={APPOINTMENT_LETTER=DocumentResponseDTO(generated=false, data=null), INTERNSHIP_LETTER=DocumentResponseDTO(generated=true, data={internshipType=PAID, endDate=2026-06-06, issueDate=2026-06-06, startDate=2026-06-06}), EXPERIENCE_LETTER=DocumentResponseDTO(generated=false, data=null), FULL_AND_FINAL=DocumentResponseDTO(generated=false, data=null), CONFIRMATION_LETTER=DocumentResponseDTO(generated=false, data=null), INCREMENT_LETTER=DocumentResponseDTO(generated=false, data=null), RELIEVING_LETTER=DocumentResponseDTO(generated=false, data=null), SALARY_SLIP=DocumentResponseDTO(generated=true, data={startMonth=2026-04, endMonth=2026-06}), COMPLETION_LETTER=DocumentResponseDTO(generated=false, data=null), OFFER_LETTER=DocumentResponseDTO(generated=true, data={issueDate=2026-06-06, probationPeriod=3})})
2026-06-08 10:32:44 [http-nio-8080-exec-6] INFO  c.e.Docgen_Backend.config.JwtFilter - JWT validated successfully for userId=null
2026-06-08 10:32:44 [http-nio-8080-exec-6] INFO  c.e.D.controller.UserController - GET /api/v2/users/1 - Fetch request received
2026-06-08 10:32:44 [http-nio-8080-exec-6] INFO  c.e.D.service.impl.UserServiceImpl - Fetching user profile for edit | userId=1
2026-06-08 10:32:44 [http-nio-8080-exec-6] DEBUG c.e.D.service.impl.UserServiceImpl - User found | userId=1 | employeeId=JDIT0104
2026-06-08 10:32:44 [http-nio-8080-exec-6] INFO  c.e.D.service.impl.UserServiceImpl - User profile fetched successfully | userId=1 | timeTaken=54ms
2026-06-08 10:32:44 [http-nio-8080-exec-6] INFO  c.e.D.controller.UserController - Profile fetched successfully for userId=1
2026-06-08 10:32:44 [http-nio-8080-exec-6] DEBUG c.e.D.controller.UserController - Fetched profile data: UserProfileResponseDTO(id=1, employeeName=Prathamesh Bhavsar, employeeId=JDIT0104, email=prathamesh69bhavsar@gmail.com, mobileNo=8007454299, designation=Senior Java developer, department=Information Technology, company=SMT, identity=MR, pfType=WITH_PF, accountNo=2134567890, bankName=HDFC Bank, address=N-42,VD-1/3/1,Sawta Nager,Cidco,Trimurti Chowk, CTC=15000.0, dateOfBirth=2026-06-06, offerDate=2026-06-06, joiningDate=2026-06-06, panNo=DTBPG9845J, documents={APPOINTMENT_LETTER=DocumentResponseDTO(generated=false, data=null), INTERNSHIP_LETTER=DocumentResponseDTO(generated=true, data={internshipType=PAID, endDate=2026-06-06, issueDate=2026-06-06, startDate=2026-06-06}), EXPERIENCE_LETTER=DocumentResponseDTO(generated=false, data=null), FULL_AND_FINAL=DocumentResponseDTO(generated=false, data=null), CONFIRMATION_LETTER=DocumentResponseDTO(generated=false, data=null), INCREMENT_LETTER=DocumentResponseDTO(generated=false, data=null), RELIEVING_LETTER=DocumentResponseDTO(generated=false, data=null), SALARY_SLIP=DocumentResponseDTO(generated=true, data={startMonth=2026-04, endMonth=2026-06}), COMPLETION_LETTER=DocumentResponseDTO(generated=false, data=null), OFFER_LETTER=DocumentResponseDTO(generated=true, data={issueDate=2026-06-06, probationPeriod=3})})
2026-06-08 10:32:44 [http-nio-8080-exec-5] INFO  c.e.Docgen_Backend.config.JwtFilter - JWT validated successfully for userId=null
2026-06-08 10:32:44 [http-nio-8080-exec-5] INFO  c.e.D.controller.UserController - GET /api/v2/users/1 - Fetch request received
2026-06-08 10:32:44 [http-nio-8080-exec-5] INFO  c.e.D.service.impl.UserServiceImpl - Fetching user profile for edit | userId=1
2026-06-08 10:32:44 [http-nio-8080-exec-5] DEBUG c.e.D.service.impl.UserServiceImpl - User found | userId=1 | employeeId=JDIT0104
2026-06-08 10:32:44 [http-nio-8080-exec-5] INFO  c.e.D.service.impl.UserServiceImpl - User profile fetched successfully | userId=1 | timeTaken=70ms
2026-06-08 10:32:44 [http-nio-8080-exec-5] INFO  c.e.D.controller.UserController - Profile fetched successfully for userId=1
2026-06-08 10:32:44 [http-nio-8080-exec-5] DEBUG c.e.D.controller.UserController - Fetched profile data: UserProfileResponseDTO(id=1, employeeName=Prathamesh Bhavsar, employeeId=JDIT0104, email=prathamesh69bhavsar@gmail.com, mobileNo=8007454299, designation=Senior Java developer, department=Information Technology, company=SMT, identity=MR, pfType=WITH_PF, accountNo=2134567890, bankName=HDFC Bank, address=N-42,VD-1/3/1,Sawta Nager,Cidco,Trimurti Chowk, CTC=15000.0, dateOfBirth=2026-06-06, offerDate=2026-06-06, joiningDate=2026-06-06, panNo=DTBPG9845J, documents={APPOINTMENT_LETTER=DocumentResponseDTO(generated=false, data=null), INTERNSHIP_LETTER=DocumentResponseDTO(generated=true, data={internshipType=PAID, endDate=2026-06-06, issueDate=2026-06-06, startDate=2026-06-06}), EXPERIENCE_LETTER=DocumentResponseDTO(generated=false, data=null), FULL_AND_FINAL=DocumentResponseDTO(generated=false, data=null), CONFIRMATION_LETTER=DocumentResponseDTO(generated=false, data=null), INCREMENT_LETTER=DocumentResponseDTO(generated=false, data=null), RELIEVING_LETTER=DocumentResponseDTO(generated=false, data=null), SALARY_SLIP=DocumentResponseDTO(generated=true, data={startMonth=2026-04, endMonth=2026-06}), COMPLETION_LETTER=DocumentResponseDTO(generated=false, data=null), OFFER_LETTER=DocumentResponseDTO(generated=true, data={issueDate=2026-06-06, probationPeriod=3})})
2026-06-08 10:34:46 [http-nio-8080-exec-1] INFO  c.e.Docgen_Backend.config.JwtFilter - JWT validated successfully for userId=null
2026-06-08 10:34:46 [http-nio-8080-exec-1] INFO  c.e.D.controller.UserController - GET /api/v2/users/1 - Fetch request received
2026-06-08 10:34:46 [http-nio-8080-exec-1] INFO  c.e.D.service.impl.UserServiceImpl - Fetching user profile for edit | userId=1
2026-06-08 10:34:47 [http-nio-8080-exec-1] DEBUG c.e.D.service.impl.UserServiceImpl - User found | userId=1 | employeeId=JDIT0104
2026-06-08 10:34:47 [http-nio-8080-exec-1] INFO  c.e.D.service.impl.UserServiceImpl - User profile fetched successfully | userId=1 | timeTaken=56ms
2026-06-08 10:34:47 [http-nio-8080-exec-1] INFO  c.e.D.controller.UserController - Profile fetched successfully for userId=1
2026-06-08 10:34:47 [http-nio-8080-exec-1] DEBUG c.e.D.controller.UserController - Fetched profile data: UserProfileResponseDTO(id=1, employeeName=Prathamesh Bhavsar, employeeId=JDIT0104, email=prathamesh69bhavsar@gmail.com, mobileNo=8007454299, designation=Senior Java developer, department=Information Technology, company=SMT, identity=MR, pfType=WITH_PF, accountNo=2134567890, bankName=HDFC Bank, address=N-42,VD-1/3/1,Sawta Nager,Cidco,Trimurti Chowk, CTC=15000.0, dateOfBirth=2026-06-06, offerDate=2026-06-06, joiningDate=2026-06-06, panNo=DTBPG9845J, documents={APPOINTMENT_LETTER=DocumentResponseDTO(generated=false, data=null), INTERNSHIP_LETTER=DocumentResponseDTO(generated=true, data={internshipType=PAID, endDate=2026-06-06, issueDate=2026-06-06, startDate=2026-06-06}), EXPERIENCE_LETTER=DocumentResponseDTO(generated=false, data=null), FULL_AND_FINAL=DocumentResponseDTO(generated=false, data=null), CONFIRMATION_LETTER=DocumentResponseDTO(generated=false, data=null), INCREMENT_LETTER=DocumentResponseDTO(generated=false, data=null), RELIEVING_LETTER=DocumentResponseDTO(generated=false, data=null), SALARY_SLIP=DocumentResponseDTO(generated=true, data={startMonth=2026-04, endMonth=2026-06}), COMPLETION_LETTER=DocumentResponseDTO(generated=false, data=null), OFFER_LETTER=DocumentResponseDTO(generated=true, data={issueDate=2026-06-06, probationPeriod=3})})
2026-06-08 10:34:47 [http-nio-8080-exec-3] INFO  c.e.Docgen_Backend.config.JwtFilter - JWT validated successfully for userId=null
2026-06-08 10:34:47 [http-nio-8080-exec-3] INFO  c.e.D.controller.UserController - GET /api/v2/users/1 - Fetch request received
2026-06-08 10:34:47 [http-nio-8080-exec-3] INFO  c.e.D.service.impl.UserServiceImpl - Fetching user profile for edit | userId=1
2026-06-08 10:34:47 [http-nio-8080-exec-3] DEBUG c.e.D.service.impl.UserServiceImpl - User found | userId=1 | employeeId=JDIT0104
2026-06-08 10:34:47 [http-nio-8080-exec-3] INFO  c.e.D.service.impl.UserServiceImpl - User profile fetched successfully | userId=1 | timeTaken=50ms
2026-06-08 10:34:47 [http-nio-8080-exec-3] INFO  c.e.D.controller.UserController - Profile fetched successfully for userId=1
2026-06-08 10:34:47 [http-nio-8080-exec-3] DEBUG c.e.D.controller.UserController - Fetched profile data: UserProfileResponseDTO(id=1, employeeName=Prathamesh Bhavsar, employeeId=JDIT0104, email=prathamesh69bhavsar@gmail.com, mobileNo=8007454299, designation=Senior Java developer, department=Information Technology, company=SMT, identity=MR, pfType=WITH_PF, accountNo=2134567890, bankName=HDFC Bank, address=N-42,VD-1/3/1,Sawta Nager,Cidco,Trimurti Chowk, CTC=15000.0, dateOfBirth=2026-06-06, offerDate=2026-06-06, joiningDate=2026-06-06, panNo=DTBPG9845J, documents={APPOINTMENT_LETTER=DocumentResponseDTO(generated=false, data=null), INTERNSHIP_LETTER=DocumentResponseDTO(generated=true, data={internshipType=PAID, endDate=2026-06-06, issueDate=2026-06-06, startDate=2026-06-06}), EXPERIENCE_LETTER=DocumentResponseDTO(generated=false, data=null), FULL_AND_FINAL=DocumentResponseDTO(generated=false, data=null), CONFIRMATION_LETTER=DocumentResponseDTO(generated=false, data=null), INCREMENT_LETTER=DocumentResponseDTO(generated=false, data=null), RELIEVING_LETTER=DocumentResponseDTO(generated=false, data=null), SALARY_SLIP=DocumentResponseDTO(generated=true, data={startMonth=2026-04, endMonth=2026-06}), COMPLETION_LETTER=DocumentResponseDTO(generated=false, data=null), OFFER_LETTER=DocumentResponseDTO(generated=true, data={issueDate=2026-06-06, probationPeriod=3})})
2026-06-08 10:34:58 [http-nio-8080-exec-6] INFO  c.e.Docgen_Backend.config.JwtFilter - JWT validated successfully for userId=null
2026-06-08 10:34:58 [http-nio-8080-exec-6] INFO  c.e.D.controller.UserController - GET /api/v2/users/1 - Fetch request received
2026-06-08 10:34:58 [http-nio-8080-exec-6] INFO  c.e.D.service.impl.UserServiceImpl - Fetching user profile for edit | userId=1
2026-06-08 10:34:58 [http-nio-8080-exec-6] DEBUG c.e.D.service.impl.UserServiceImpl - User found | userId=1 | employeeId=JDIT0104
2026-06-08 10:34:58 [http-nio-8080-exec-6] INFO  c.e.D.service.impl.UserServiceImpl - User profile fetched successfully | userId=1 | timeTaken=38ms
2026-06-08 10:34:58 [http-nio-8080-exec-6] INFO  c.e.D.controller.UserController - Profile fetched successfully for userId=1
2026-06-08 10:34:58 [http-nio-8080-exec-6] DEBUG c.e.D.controller.UserController - Fetched profile data: UserProfileResponseDTO(id=1, employeeName=Prathamesh Bhavsar, employeeId=JDIT0104, email=prathamesh69bhavsar@gmail.com, mobileNo=8007454299, designation=Senior Java developer, department=Information Technology, company=SMT, identity=MR, pfType=WITH_PF, accountNo=2134567890, bankName=HDFC Bank, address=N-42,VD-1/3/1,Sawta Nager,Cidco,Trimurti Chowk, CTC=15000.0, dateOfBirth=2026-06-06, offerDate=2026-06-06, joiningDate=2026-06-06, panNo=DTBPG9845J, documents={APPOINTMENT_LETTER=DocumentResponseDTO(generated=false, data=null), INTERNSHIP_LETTER=DocumentResponseDTO(generated=true, data={internshipType=PAID, endDate=2026-06-06, issueDate=2026-06-06, startDate=2026-06-06}), EXPERIENCE_LETTER=DocumentResponseDTO(generated=false, data=null), FULL_AND_FINAL=DocumentResponseDTO(generated=false, data=null), CONFIRMATION_LETTER=DocumentResponseDTO(generated=false, data=null), INCREMENT_LETTER=DocumentResponseDTO(generated=false, data=null), RELIEVING_LETTER=DocumentResponseDTO(generated=false, data=null), SALARY_SLIP=DocumentResponseDTO(generated=true, data={startMonth=2026-04, endMonth=2026-06}), COMPLETION_LETTER=DocumentResponseDTO(generated=false, data=null), OFFER_LETTER=DocumentResponseDTO(generated=true, data={issueDate=2026-06-06, probationPeriod=3})})
2026-06-08 10:34:58 [http-nio-8080-exec-5] INFO  c.e.Docgen_Backend.config.JwtFilter - JWT validated successfully for userId=null
2026-06-08 10:34:58 [http-nio-8080-exec-5] INFO  c.e.D.controller.UserController - GET /api/v2/users/1 - Fetch request received
2026-06-08 10:34:58 [http-nio-8080-exec-5] INFO  c.e.D.service.impl.UserServiceImpl - Fetching user profile for edit | userId=1
2026-06-08 10:34:58 [http-nio-8080-exec-5] DEBUG c.e.D.service.impl.UserServiceImpl - User found | userId=1 | employeeId=JDIT0104
2026-06-08 10:34:58 [http-nio-8080-exec-5] INFO  c.e.D.service.impl.UserServiceImpl - User profile fetched successfully | userId=1 | timeTaken=41ms
2026-06-08 10:34:58 [http-nio-8080-exec-5] INFO  c.e.D.controller.UserController - Profile fetched successfully for userId=1
2026-06-08 10:34:58 [http-nio-8080-exec-5] DEBUG c.e.D.controller.UserController - Fetched profile data: UserProfileResponseDTO(id=1, employeeName=Prathamesh Bhavsar, employeeId=JDIT0104, email=prathamesh69bhavsar@gmail.com, mobileNo=8007454299, designation=Senior Java developer, department=Information Technology, company=SMT, identity=MR, pfType=WITH_PF, accountNo=2134567890, bankName=HDFC Bank, address=N-42,VD-1/3/1,Sawta Nager,Cidco,Trimurti Chowk, CTC=15000.0, dateOfBirth=2026-06-06, offerDate=2026-06-06, joiningDate=2026-06-06, panNo=DTBPG9845J, documents={APPOINTMENT_LETTER=DocumentResponseDTO(generated=false, data=null), INTERNSHIP_LETTER=DocumentResponseDTO(generated=true, data={internshipType=PAID, endDate=2026-06-06, issueDate=2026-06-06, startDate=2026-06-06}), EXPERIENCE_LETTER=DocumentResponseDTO(generated=false, data=null), FULL_AND_FINAL=DocumentResponseDTO(generated=false, data=null), CONFIRMATION_LETTER=DocumentResponseDTO(generated=false, data=null), INCREMENT_LETTER=DocumentResponseDTO(generated=false, data=null), RELIEVING_LETTER=DocumentResponseDTO(generated=false, data=null), SALARY_SLIP=DocumentResponseDTO(generated=true, data={startMonth=2026-04, endMonth=2026-06}), COMPLETION_LETTER=DocumentResponseDTO(generated=false, data=null), OFFER_LETTER=DocumentResponseDTO(generated=true, data={issueDate=2026-06-06, probationPeriod=3})})
2026-06-08 10:48:13 [http-nio-8080-exec-1] INFO  c.e.Docgen_Backend.config.JwtFilter - JWT validated successfully for userId=null
2026-06-08 10:48:13 [http-nio-8080-exec-1] INFO  c.e.D.controller.UserController - GET /api/v2/users - Fetch all users request received | page=0, size=8, sortBy=id, direction=desc
2026-06-08 10:48:14 [http-nio-8080-exec-1] INFO  c.e.D.controller.UserController - Fetched 1 users on page 0 of 1
2026-06-08 10:48:14 [http-nio-8080-exec-1] INFO  c.e.Docgen_Backend.config.JwtFilter - JWT validated successfully for userId=null
2026-06-08 10:48:14 [http-nio-8080-exec-1] INFO  c.e.D.controller.UserController - GET /api/v2/users - Fetch all users request received | page=0, size=8, sortBy=id, direction=desc
2026-06-08 10:48:14 [http-nio-8080-exec-1] INFO  c.e.D.controller.UserController - Fetched 1 users on page 0 of 1
2026-06-08 10:52:07 [http-nio-8080-exec-7] INFO  c.e.Docgen_Backend.config.JwtFilter - JWT validated successfully for userId=null
2026-06-08 10:52:07 [http-nio-8080-exec-7] INFO  c.e.D.controller.UserController - GET /api/v2/users - Fetch all users request received | page=0, size=8, sortBy=id, direction=desc
2026-06-08 10:52:07 [http-nio-8080-exec-7] INFO  c.e.D.controller.UserController - Fetched 1 users on page 0 of 1
2026-06-08 10:52:07 [http-nio-8080-exec-8] INFO  c.e.Docgen_Backend.config.JwtFilter - JWT validated successfully for userId=null
2026-06-08 10:52:07 [http-nio-8080-exec-8] INFO  c.e.D.controller.UserController - GET /api/v2/users - Fetch all users request received | page=0, size=8, sortBy=id, direction=desc
2026-06-08 10:52:07 [http-nio-8080-exec-8] INFO  c.e.D.controller.UserController - Fetched 1 users on page 0 of 1
2026-06-08 10:52:11 [http-nio-8080-exec-3] INFO  c.e.Docgen_Backend.config.JwtFilter - JWT validated successfully for userId=null
2026-06-08 10:52:11 [http-nio-8080-exec-3] INFO  c.e.D.controller.UserController - GET /api/v2/users/1 - Fetch request received
2026-06-08 10:52:11 [http-nio-8080-exec-3] INFO  c.e.D.service.impl.UserServiceImpl - Fetching user profile for edit | userId=1
2026-06-08 10:52:11 [http-nio-8080-exec-3] DEBUG c.e.D.service.impl.UserServiceImpl - User found | userId=1 | employeeId=JDIT0104
2026-06-08 10:52:11 [http-nio-8080-exec-3] INFO  c.e.D.service.impl.UserServiceImpl - User profile fetched successfully | userId=1 | timeTaken=41ms
2026-06-08 10:52:11 [http-nio-8080-exec-3] INFO  c.e.D.controller.UserController - Profile fetched successfully for userId=1
2026-06-08 10:52:11 [http-nio-8080-exec-3] DEBUG c.e.D.controller.UserController - Fetched profile data: UserProfileResponseDTO(id=1, employeeName=Prathamesh Bhavsar, employeeId=JDIT0104, email=prathamesh69bhavsar@gmail.com, mobileNo=8007454299, designation=Senior Java developer, department=Information Technology, company=SMT, identity=MR, pfType=WITH_PF, accountNo=2134567890, bankName=HDFC Bank, address=N-42,VD-1/3/1,Sawta Nager,Cidco,Trimurti Chowk, CTC=15000.0, dateOfBirth=2026-06-06, offerDate=2026-06-06, joiningDate=2026-06-06, panNo=DTBPG9845J, documents={APPOINTMENT_LETTER=DocumentResponseDTO(generated=false, data=null), INTERNSHIP_LETTER=DocumentResponseDTO(generated=true, data={internshipType=PAID, endDate=2026-06-06, issueDate=2026-06-06, startDate=2026-06-06}), EXPERIENCE_LETTER=DocumentResponseDTO(generated=false, data=null), FULL_AND_FINAL=DocumentResponseDTO(generated=false, data=null), CONFIRMATION_LETTER=DocumentResponseDTO(generated=false, data=null), INCREMENT_LETTER=DocumentResponseDTO(generated=false, data=null), RELIEVING_LETTER=DocumentResponseDTO(generated=false, data=null), SALARY_SLIP=DocumentResponseDTO(generated=true, data={startMonth=2026-04, endMonth=2026-06}), COMPLETION_LETTER=DocumentResponseDTO(generated=false, data=null), OFFER_LETTER=DocumentResponseDTO(generated=true, data={issueDate=2026-06-06, probationPeriod=3})})
2026-06-08 10:52:11 [http-nio-8080-exec-1] INFO  c.e.Docgen_Backend.config.JwtFilter - JWT validated successfully for userId=null
2026-06-08 10:52:11 [http-nio-8080-exec-1] INFO  c.e.D.controller.UserController - GET /api/v2/users/1 - Fetch request received
2026-06-08 10:52:11 [http-nio-8080-exec-1] INFO  c.e.D.service.impl.UserServiceImpl - Fetching user profile for edit | userId=1
2026-06-08 10:52:11 [http-nio-8080-exec-1] DEBUG c.e.D.service.impl.UserServiceImpl - User found | userId=1 | employeeId=JDIT0104
2026-06-08 10:52:11 [http-nio-8080-exec-1] INFO  c.e.D.service.impl.UserServiceImpl - User profile fetched successfully | userId=1 | timeTaken=34ms
2026-06-08 10:52:11 [http-nio-8080-exec-1] INFO  c.e.D.controller.UserController - Profile fetched successfully for userId=1
2026-06-08 10:52:11 [http-nio-8080-exec-1] DEBUG c.e.D.controller.UserController - Fetched profile data: UserProfileResponseDTO(id=1, employeeName=Prathamesh Bhavsar, employeeId=JDIT0104, email=prathamesh69bhavsar@gmail.com, mobileNo=8007454299, designation=Senior Java developer, department=Information Technology, company=SMT, identity=MR, pfType=WITH_PF, accountNo=2134567890, bankName=HDFC Bank, address=N-42,VD-1/3/1,Sawta Nager,Cidco,Trimurti Chowk, CTC=15000.0, dateOfBirth=2026-06-06, offerDate=2026-06-06, joiningDate=2026-06-06, panNo=DTBPG9845J, documents={APPOINTMENT_LETTER=DocumentResponseDTO(generated=false, data=null), INTERNSHIP_LETTER=DocumentResponseDTO(generated=true, data={internshipType=PAID, endDate=2026-06-06, issueDate=2026-06-06, startDate=2026-06-06}), EXPERIENCE_LETTER=DocumentResponseDTO(generated=false, data=null), FULL_AND_FINAL=DocumentResponseDTO(generated=false, data=null), CONFIRMATION_LETTER=DocumentResponseDTO(generated=false, data=null), INCREMENT_LETTER=DocumentResponseDTO(generated=false, data=null), RELIEVING_LETTER=DocumentResponseDTO(generated=false, data=null), SALARY_SLIP=DocumentResponseDTO(generated=true, data={startMonth=2026-04, endMonth=2026-06}), COMPLETION_LETTER=DocumentResponseDTO(generated=false, data=null), OFFER_LETTER=DocumentResponseDTO(generated=true, data={issueDate=2026-06-06, probationPeriod=3})})
2026-06-08 11:17:06 [HikariPool-1:housekeeper] WARN  com.zaxxer.hikari.pool.HikariPool - HikariPool-1 - Thread starvation or clock leap detected (housekeeper delta=1m20s524ms867µs600ns).
2026-06-08 11:22:45 [http-nio-8080-exec-7] INFO  c.e.Docgen_Backend.config.JwtFilter - JWT validated successfully for userId=null
2026-06-08 11:22:45 [http-nio-8080-exec-7] INFO  c.e.D.controller.UserController - GET /api/v2/users/1 - Fetch request received
2026-06-08 11:22:45 [http-nio-8080-exec-7] INFO  c.e.D.service.impl.UserServiceImpl - Fetching user profile for edit | userId=1
2026-06-08 11:22:45 [http-nio-8080-exec-7] DEBUG c.e.D.service.impl.UserServiceImpl - User found | userId=1 | employeeId=JDIT0104
2026-06-08 11:22:45 [http-nio-8080-exec-7] INFO  c.e.D.service.impl.UserServiceImpl - User profile fetched successfully | userId=1 | timeTaken=102ms
2026-06-08 11:22:45 [http-nio-8080-exec-7] INFO  c.e.D.controller.UserController - Profile fetched successfully for userId=1
2026-06-08 11:22:45 [http-nio-8080-exec-7] DEBUG c.e.D.controller.UserController - Fetched profile data: UserProfileResponseDTO(id=1, employeeName=Prathamesh Bhavsar, employeeId=JDIT0104, email=prathamesh69bhavsar@gmail.com, mobileNo=8007454299, designation=Senior Java developer, department=Information Technology, company=SMT, identity=MR, pfType=WITH_PF, accountNo=2134567890, bankName=HDFC Bank, address=N-42,VD-1/3/1,Sawta Nager,Cidco,Trimurti Chowk, CTC=15000.0, dateOfBirth=2026-06-06, offerDate=2026-06-06, joiningDate=2026-06-06, panNo=DTBPG9845J, documents={APPOINTMENT_LETTER=DocumentResponseDTO(generated=false, data=null), INTERNSHIP_LETTER=DocumentResponseDTO(generated=true, data={internshipType=PAID, endDate=2026-06-06, issueDate=2026-06-06, startDate=2026-06-06}), EXPERIENCE_LETTER=DocumentResponseDTO(generated=false, data=null), FULL_AND_FINAL=DocumentResponseDTO(generated=false, data=null), CONFIRMATION_LETTER=DocumentResponseDTO(generated=false, data=null), INCREMENT_LETTER=DocumentResponseDTO(generated=false, data=null), RELIEVING_LETTER=DocumentResponseDTO(generated=false, data=null), SALARY_SLIP=DocumentResponseDTO(generated=true, data={startMonth=2026-04, endMonth=2026-06}), COMPLETION_LETTER=DocumentResponseDTO(generated=false, data=null), OFFER_LETTER=DocumentResponseDTO(generated=true, data={issueDate=2026-06-06, probationPeriod=3})})
2026-06-08 11:22:45 [http-nio-8080-exec-8] INFO  c.e.Docgen_Backend.config.JwtFilter - JWT validated successfully for userId=null
2026-06-08 11:22:45 [http-nio-8080-exec-8] INFO  c.e.D.controller.UserController - GET /api/v2/users/1 - Fetch request received
2026-06-08 11:22:45 [http-nio-8080-exec-8] INFO  c.e.D.service.impl.UserServiceImpl - Fetching user profile for edit | userId=1
2026-06-08 11:22:46 [http-nio-8080-exec-8] DEBUG c.e.D.service.impl.UserServiceImpl - User found | userId=1 | employeeId=JDIT0104
2026-06-08 11:22:46 [http-nio-8080-exec-8] INFO  c.e.D.service.impl.UserServiceImpl - User profile fetched successfully | userId=1 | timeTaken=24ms
2026-06-08 11:22:46 [http-nio-8080-exec-8] INFO  c.e.D.controller.UserController - Profile fetched successfully for userId=1
2026-06-08 11:22:46 [http-nio-8080-exec-8] DEBUG c.e.D.controller.UserController - Fetched profile data: UserProfileResponseDTO(id=1, employeeName=Prathamesh Bhavsar, employeeId=JDIT0104, email=prathamesh69bhavsar@gmail.com, mobileNo=8007454299, designation=Senior Java developer, department=Information Technology, company=SMT, identity=MR, pfType=WITH_PF, accountNo=2134567890, bankName=HDFC Bank, address=N-42,VD-1/3/1,Sawta Nager,Cidco,Trimurti Chowk, CTC=15000.0, dateOfBirth=2026-06-06, offerDate=2026-06-06, joiningDate=2026-06-06, panNo=DTBPG9845J, documents={APPOINTMENT_LETTER=DocumentResponseDTO(generated=false, data=null), INTERNSHIP_LETTER=DocumentResponseDTO(generated=true, data={internshipType=PAID, endDate=2026-06-06, issueDate=2026-06-06, startDate=2026-06-06}), EXPERIENCE_LETTER=DocumentResponseDTO(generated=false, data=null), FULL_AND_FINAL=DocumentResponseDTO(generated=false, data=null), CONFIRMATION_LETTER=DocumentResponseDTO(generated=false, data=null), INCREMENT_LETTER=DocumentResponseDTO(generated=false, data=null), RELIEVING_LETTER=DocumentResponseDTO(generated=false, data=null), SALARY_SLIP=DocumentResponseDTO(generated=true, data={startMonth=2026-04, endMonth=2026-06}), COMPLETION_LETTER=DocumentResponseDTO(generated=false, data=null), OFFER_LETTER=DocumentResponseDTO(generated=true, data={issueDate=2026-06-06, probationPeriod=3})})
2026-06-08 11:22:47 [http-nio-8080-exec-3] INFO  c.e.Docgen_Backend.config.JwtFilter - JWT validated successfully for userId=null
2026-06-08 11:22:47 [http-nio-8080-exec-3] INFO  c.e.D.controller.UserController - GET /api/v2/users - Fetch all users request received | page=0, size=8, sortBy=id, direction=desc
2026-06-08 11:22:47 [http-nio-8080-exec-3] INFO  c.e.D.controller.UserController - Fetched 1 users on page 0 of 1
2026-06-08 11:22:47 [http-nio-8080-exec-3] INFO  c.e.Docgen_Backend.config.JwtFilter - JWT validated successfully for userId=null
2026-06-08 11:22:47 [http-nio-8080-exec-3] INFO  c.e.D.controller.UserController - GET /api/v2/users - Fetch all users request received | page=0, size=8, sortBy=id, direction=desc
2026-06-08 11:22:47 [http-nio-8080-exec-3] INFO  c.e.D.controller.UserController - Fetched 1 users on page 0 of 1
2026-06-08 11:23:44 [SpringApplicationShutdownHook] INFO  o.s.boot.tomcat.GracefulShutdown - Commencing graceful shutdown. Waiting for active requests to complete
2026-06-08 11:23:44 [tomcat-shutdown] INFO  o.s.boot.tomcat.GracefulShutdown - Graceful shutdown complete
2026-06-08 11:23:44 [SpringApplicationShutdownHook] INFO  o.s.o.j.LocalContainerEntityManagerFactoryBean - Closing JPA EntityManagerFactory for persistence unit 'default'
2026-06-08 11:23:45 [SpringApplicationShutdownHook] INFO  com.zaxxer.hikari.HikariDataSource - HikariPool-1 - Shutdown initiated...
2026-06-08 11:23:45 [SpringApplicationShutdownHook] INFO  com.zaxxer.hikari.HikariDataSource - HikariPool-1 - Shutdown completed.
